Arguments: 
  /usr/local/bin/node /usr/local/bin/yarn install

PATH: 
  /bin:/usr/bin:/usr/local/bin

Yarn version: 
  1.22.19

Node version: 
  20.19.1

Platform: 
  linux x64

Trace: 
  Error: https://registry.yarnpkg.com/react: socket hang up
      at TLSSocket.socketOnEnd (https://j9hsf5g8r4y1549jb1c2vwks6jcrow-tu3u.w-credentialless-staticblitz.com/builtins.97a3df4f.js:3:5909)
      at TLSSocket.emit (https://j9hsf5g8r4y1549jb1c2vwks6jcrow-tu3u.w-credentialless-staticblitz.com/builtins.97a3df4f.js:30:11150)
      at endReadableNT (https://j9hsf5g8r4y1549jb1c2vwks6jcrow-tu3u.w-credentialless-staticblitz.com/builtins.97a3df4f.js:230:10631)
      at processTicksAndRejections (https://j9hsf5g8r4y1549jb1c2vwks6jcrow-tu3u.w-credentialless-staticblitz.com/builtins.97a3df4f.js:196:1067)
      at https://j9hsf5g8r4y1549jb1c2vwks6jcrow-tu3u.w-credentialless-staticblitz.com/blitz.365214aa.js:31:296263
      at _0x1f01c9 (https://j9hsf5g8r4y1549jb1c2vwks6jcrow-tu3u.w-credentialless-staticblitz.com/blitz.365214aa.js:31:296344)
      at _0x3e75dc (https://j9hsf5g8r4y1549jb1c2vwks6jcrow-tu3u.w-credentialless-staticblitz.com/blitz.365214aa.js:31:535714)
      at https://j9hsf5g8r4y1549jb1c2vwks6jcrow-tu3u.w-credentialless-staticblitz.com/blitz.365214aa.js:31:535498
      at Array.forEach (<anonymous>)
      at _0x3c5a49 (https://j9hsf5g8r4y1549jb1c2vwks6jcrow-tu3u.w-credentialless-staticblitz.com/blitz.365214aa.js:31:535247)

npm manifest: 
  {
    "name": "vite-react-typescript-starter",
    "private": true,
    "version": "0.0.0",
    "type": "module",
    "scripts": {
      "dev": "vite",
      "build": "vite build",
      "lint": "eslint .",
      "lint:dualite": "eslint --config eslint.dualite.config.js .",
      "tsc:dualite": "yarn tsc -p tsconfig.dualite.json",
      "preview": "vite preview"
    },
    "dependencies": {
      "axios": "^1.9.0",
      "clsx": "^2.1.1",
      "framer-motion": "^12.23.26",
      "lucide-react": "^0.511.0",
      "react": "^19.1.0",
      "react-dom": "^19.1.0",
      "tailwind-merge": "^3.4.0"
    },
    "devDependencies": {
      "@eslint/js": "^9.27.0",
      "@types/react": "^19.1.5",
      "@types/react-dom": "^19.1.5",
      "@vitejs/plugin-react": "^4.5.0",
      "autoprefixer": "^10.4.21",
      "eslint": "^9.27.0",
      "eslint-plugin-import": "^2.32.0",
      "eslint-plugin-react": "^7.37.5",
      "eslint-plugin-react-hooks": "^5.2.0",
      "eslint-plugin-react-refresh": "^0.4.20",
      "globals": "^16.2.0",
      "postcss": "^8.4.35",
      "tailwindcss": "^3.4.1",
      "typescript": "^5.8.3",
      "typescript-eslint": "^8.32.1",
      "vite": "^6.3.5"
    }
  }

yarn manifest: 
  No manifest

Lockfile: 
  No lockfile
